<?xml version="1.0" encoding="UTF-8" ?>
<testsuite failures="0" time="112.141" errors="0" skipped="0" tests="1" name="TestSuite">
  <properties>
    <property name="java.runtime.name" value="Java(TM) SE Runtime Environment"/>
    <property name="sun.boot.library.path" value="/Library/Java/JavaVirtualMachines/jdk1.7.0_45.jdk/Contents/Home/jre/lib"/>
    <property name="java.vm.version" value="24.45-b08"/>
    <property name="user.country.format" value="HK"/>
    <property name="gopherProxySet" value="false"/>
    <property name="java.vm.vendor" value="Oracle Corporation"/>
    <property name="java.vendor.url" value="http://java.oracle.com/"/>
    <property name="path.separator" value=":"/>
    <property name="guice.disable.misplaced.annotation.check" value="true"/>
    <property name="java.vm.name" value="Java HotSpot(TM) 64-Bit Server VM"/>
    <property name="file.encoding.pkg" value="sun.io"/>
    <property name="user.country" value="US"/>
    <property name="sun.java.launcher" value="SUN_STANDARD"/>
    <property name="sun.os.patch.level" value="unknown"/>
    <property name="test" value="com.ma.qa.appium.sessionTest"/>
    <property name="java.vm.specification.name" value="Java Virtual Machine Specification"/>
    <property name="user.dir" value="/Users/Anson/Documents/AutoProject/MAQA"/>
    <property name="java.runtime.version" value="1.7.0_45-b18"/>
    <property name="java.awt.graphicsenv" value="sun.awt.CGraphicsEnvironment"/>
    <property name="basedir" value="/Users/Anson/Documents/AutoProject/MAQA"/>
    <property name="java.endorsed.dirs" value="/Library/Java/JavaVirtualMachines/jdk1.7.0_45.jdk/Contents/Home/jre/lib/endorsed"/>
    <property name="os.arch" value="x86_64"/>
    <property name="java.io.tmpdir" value="/var/folders/pz/79lyrdl152v12bpzmf8v_3sh0000gt/T/"/>
    <property name="line.separator" value="
"/>
    <property name="java.vm.specification.vendor" value="Oracle Corporation"/>
    <property name="os.name" value="Mac OS X"/>
    <property name="classworlds.conf" value="/Users/Anson/Documents/Maven/Maven305/bin/m2.conf"/>
    <property name="sun.jnu.encoding" value="UTF-8"/>
    <property name="java.library.path" value="/Users/Anson/Library/Java/Extensions:/Library/Java/Extensions:/Network/Library/Java/Extensions:/System/Library/Java/Extensions:/usr/lib/java:."/>
    <property name="surefire.test.class.path" value="/Users/Anson/Documents/AutoProject/MAQA/target/test-classes:/Users/Anson/Documents/AutoProject/MAQA/target/classes:/Users/Anson/.m2/repository/org/testng/testng/6.8/testng-6.8.jar:/Users/Anson/.m2/repository/junit/junit/4.10/junit-4.10.jar:/Users/Anson/.m2/repository/org/hamcrest/hamcrest-core/1.1/hamcrest-core-1.1.jar:/Users/Anson/.m2/repository/org/beanshell/bsh/2.0b4/bsh-2.0b4.jar:/Users/Anson/.m2/repository/com/beust/jcommander/1.27/jcommander-1.27.jar:/Users/Anson/.m2/repository/org/seleniumhq/selenium/selenium-java/2.41.0/selenium-java-2.41.0.jar:/Users/Anson/.m2/repository/org/seleniumhq/selenium/selenium-chrome-driver/2.41.0/selenium-chrome-driver-2.41.0.jar:/Users/Anson/.m2/repository/org/seleniumhq/selenium/selenium-remote-driver/2.41.0/selenium-remote-driver-2.41.0.jar:/Users/Anson/.m2/repository/cglib/cglib-nodep/2.1_3/cglib-nodep-2.1_3.jar:/Users/Anson/.m2/repository/org/json/json/20080701/json-20080701.jar:/Users/Anson/.m2/repository/com/google/guava/guava/15.0/guava-15.0.jar:/Users/Anson/.m2/repository/org/seleniumhq/selenium/selenium-htmlunit-driver/2.41.0/selenium-htmlunit-driver-2.41.0.jar:/Users/Anson/.m2/repository/net/sourceforge/htmlunit/htmlunit/2.13/htmlunit-2.13.jar:/Users/Anson/.m2/repository/xalan/xalan/2.7.1/xalan-2.7.1.jar:/Users/Anson/.m2/repository/xalan/serializer/2.7.1/serializer-2.7.1.jar:/Users/Anson/.m2/repository/commons-collections/commons-collections/3.2.1/commons-collections-3.2.1.jar:/Users/Anson/.m2/repository/org/apache/commons/commons-lang3/3.1/commons-lang3-3.1.jar:/Users/Anson/.m2/repository/org/apache/httpcomponents/httpmime/4.3.1/httpmime-4.3.1.jar:/Users/Anson/.m2/repository/net/sourceforge/htmlunit/htmlunit-core-js/2.13/htmlunit-core-js-2.13.jar:/Users/Anson/.m2/repository/xerces/xercesImpl/2.11.0/xercesImpl-2.11.0.jar:/Users/Anson/.m2/repository/xml-apis/xml-apis/1.4.01/xml-apis-1.4.01.jar:/Users/Anson/.m2/repository/net/sourceforge/nekohtml/nekohtml/1.9.19/nekohtml-1.9.19.jar:/Users/Anson/.m2/repository/net/sourceforge/cssparser/cssparser/0.9.11/cssparser-0.9.11.jar:/Users/Anson/.m2/repository/org/w3c/css/sac/1.3/sac-1.3.jar:/Users/Anson/.m2/repository/org/eclipse/jetty/jetty-websocket/8.1.12.v20130726/jetty-websocket-8.1.12.v20130726.jar:/Users/Anson/.m2/repository/org/eclipse/jetty/jetty-util/8.1.12.v20130726/jetty-util-8.1.12.v20130726.jar:/Users/Anson/.m2/repository/org/eclipse/jetty/jetty-io/8.1.12.v20130726/jetty-io-8.1.12.v20130726.jar:/Users/Anson/.m2/repository/org/eclipse/jetty/jetty-http/8.1.12.v20130726/jetty-http-8.1.12.v20130726.jar:/Users/Anson/.m2/repository/org/seleniumhq/selenium/selenium-firefox-driver/2.41.0/selenium-firefox-driver-2.41.0.jar:/Users/Anson/.m2/repository/commons-io/commons-io/2.2/commons-io-2.2.jar:/Users/Anson/.m2/repository/org/apache/commons/commons-exec/1.1/commons-exec-1.1.jar:/Users/Anson/.m2/repository/org/seleniumhq/selenium/selenium-ie-driver/2.41.0/selenium-ie-driver-2.41.0.jar:/Users/Anson/.m2/repository/net/java/dev/jna/jna/3.4.0/jna-3.4.0.jar:/Users/Anson/.m2/repository/net/java/dev/jna/platform/3.4.0/platform-3.4.0.jar:/Users/Anson/.m2/repository/org/seleniumhq/selenium/selenium-safari-driver/2.41.0/selenium-safari-driver-2.41.0.jar:/Users/Anson/.m2/repository/org/seleniumhq/selenium/selenium-support/2.41.0/selenium-support-2.41.0.jar:/Users/Anson/.m2/repository/org/seleniumhq/selenium/selenium-api/2.41.0/selenium-api-2.41.0.jar:/Users/Anson/.m2/repository/org/webbitserver/webbit/0.4.14/webbit-0.4.14.jar:/Users/Anson/.m2/repository/io/netty/netty/3.5.2.Final/netty-3.5.2.Final.jar:/Users/Anson/.m2/repository/com/googlecode/json-simple/json-simple/1.1/json-simple-1.1.jar:/Users/Anson/.m2/repository/commons-lang/commons-lang/2.6/commons-lang-2.6.jar:/Users/Anson/.m2/repository/log4j/log4j/1.2.16/log4j-1.2.16.jar:/Users/Anson/.m2/repository/com/saucelabs/sauce_testng/1.0.19/sauce_testng-1.0.19.jar:/Users/Anson/.m2/repository/com/saucelabs/sauce_java_common/1.0.19/sauce_java_common-1.0.19.jar:/Users/Anson/.m2/repository/com/saucelabs/saucerest/1.0.0/saucerest-1.0.0.jar:/Users/Anson/.m2/repository/org/yaml/snakeyaml/1.8/snakeyaml-1.8.jar:/Users/Anson/.m2/repository/org/jyaml/jyaml/1.3/jyaml-1.3.jar:/Users/Anson/.m2/repository/io/appium/java-client/1.2.1/java-client-1.2.1.jar:/Users/Anson/.m2/repository/com/google/collections/google-collections/1.0/google-collections-1.0.jar:/Users/Anson/.m2/repository/com/google/code/gson/gson/2.2.4/gson-2.2.4.jar:/Users/Anson/.m2/repository/org/apache/httpcomponents/httpclient/4.3.3/httpclient-4.3.3.jar:/Users/Anson/.m2/repository/org/apache/httpcomponents/httpcore/4.3.2/httpcore-4.3.2.jar:/Users/Anson/.m2/repository/commons-logging/commons-logging/1.1.3/commons-logging-1.1.3.jar:/Users/Anson/.m2/repository/commons-codec/commons-codec/1.6/commons-codec-1.6.jar:"/>
    <property name="java.specification.name" value="Java Platform API Specification"/>
    <property name="java.class.version" value="51.0"/>
    <property name="sun.management.compiler" value="HotSpot 64-Bit Tiered Compilers"/>
    <property name="os.version" value="10.9.3"/>
    <property name="http.nonProxyHosts" value="local|*.local|169.254/16|*.169.254/16"/>
    <property name="user.home" value="/Users/Anson"/>
    <property name="user.timezone" value="Asia/Hong_Kong"/>
    <property name="java.awt.printerjob" value="sun.lwawt.macosx.CPrinterJob"/>
    <property name="java.specification.version" value="1.7"/>
    <property name="file.encoding" value="UTF-8"/>
    <property name="user.name" value="Anson"/>
    <property name="java.class.path" value="/Users/Anson/Documents/Maven/Maven305/boot/plexus-classworlds-2.4.jar"/>
    <property name="java.vm.specification.version" value="1.7"/>
    <property name="sun.arch.data.model" value="64"/>
    <property name="java.home" value="/Library/Java/JavaVirtualMachines/jdk1.7.0_45.jdk/Contents/Home/jre"/>
    <property name="sun.java.command" value="org.codehaus.plexus.classworlds.launcher.Launcher -Dtest=com.ma.qa.appium.sessionTest clean test"/>
    <property name="java.specification.vendor" value="Oracle Corporation"/>
    <property name="user.language" value="en"/>
    <property name="awt.toolkit" value="sun.lwawt.macosx.LWCToolkit"/>
    <property name="java.vm.info" value="mixed mode"/>
    <property name="java.version" value="1.7.0_45"/>
    <property name="java.ext.dirs" value="/Users/Anson/Library/Java/Extensions:/Library/Java/JavaVirtualMachines/jdk1.7.0_45.jdk/Contents/Home/jre/lib/ext:/Library/Java/Extensions:/Network/Library/Java/Extensions:/System/Library/Java/Extensions:/usr/lib/java"/>
    <property name="sun.boot.class.path" value="/Library/Java/JavaVirtualMachines/jdk1.7.0_45.jdk/Contents/Home/jre/lib/resources.jar:/Library/Java/JavaVirtualMachines/jdk1.7.0_45.jdk/Contents/Home/jre/lib/rt.jar:/Library/Java/JavaVirtualMachines/jdk1.7.0_45.jdk/Contents/Home/jre/lib/sunrsasign.jar:/Library/Java/JavaVirtualMachines/jdk1.7.0_45.jdk/Contents/Home/jre/lib/jsse.jar:/Library/Java/JavaVirtualMachines/jdk1.7.0_45.jdk/Contents/Home/jre/lib/jce.jar:/Library/Java/JavaVirtualMachines/jdk1.7.0_45.jdk/Contents/Home/jre/lib/charsets.jar:/Library/Java/JavaVirtualMachines/jdk1.7.0_45.jdk/Contents/Home/jre/lib/jfr.jar:/Library/Java/JavaVirtualMachines/jdk1.7.0_45.jdk/Contents/Home/jre/lib/JObjC.jar:/Library/Java/JavaVirtualMachines/jdk1.7.0_45.jdk/Contents/Home/jre/classes"/>
    <property name="java.vendor" value="Oracle Corporation"/>
    <property name="maven.home" value="/Users/Anson/Documents/Maven/Maven305"/>
    <property name="localRepository" value="/Users/Anson/.m2/repository"/>
    <property name="file.separator" value="/"/>
    <property name="java.vendor.url.bug" value="http://bugreport.sun.com/bugreport/"/>
    <property name="sun.cpu.endian" value="little"/>
    <property name="sun.io.unicode.encoding" value="UnicodeBig"/>
    <property name="socksNonProxyHosts" value="local|*.local|169.254/16|*.169.254/16"/>
    <property name="ftp.nonProxyHosts" value="local|*.local|169.254/16|*.169.254/16"/>
    <property name="sun.cpu.isalist" value=""/>
  </properties>
  <testcase time="16.918" name="f"/>
</testsuite>