<?xml version="1.0" encoding="UTF-8"?>
<!-- Generated by org.testng.reporters.JUnitReportReporter -->
<testsuite hostname="Raymonds-Mac-mini.local" name="com.ma.qa.appium.sessionTest" tests="1" failures="0" timestamp="29 May 2014 02:14:52 GMT" time="33.181" errors="0">
  <testcase name="f" time="33.181" classname="com.ma.qa.appium.sessionTest"/>
</testsuite> <!-- com.ma.qa.appium.sessionTest -->
