<?xml version="1.0" encoding="UTF-8"?>
<!-- Generated by org.testng.reporters.JUnitReportReporter -->
<testsuite hostname="Raymonds-Mac-mini.local" name="com.ma.qa.appium.sessionTest" tests="1" failures="0" timestamp="3 Jun 2014 03:01:18 GMT" time="111.103" errors="0">
  <testcase name="f" time="111.103" classname="com.ma.qa.appium.sessionTest"/>
</testsuite> <!-- com.ma.qa.appium.sessionTest -->
